# SEGGER J-Link RTT Viewer V7.20b Terminal Log File
# Compiled: 17:08:32 on May 21 2021
# Logging started @ 25 Jan 2022 18:34:39
00> Frame #197 [CRC: 0x4E] INVALID!
00> 0xB5 0x55 0x45 0x52 0xD6 
00> Frame #200 [CRC: 0x00] INVALID!
00> 0xEA 0xB2 0xAC 0x56 0xB5 0xD2 0xAD 0x6A 0x96 0x98 0xA2 0x8D 0x52 0xA6 0x10 
00> Frame #203 [CRC: 0xC6] INVALID!
00> 0x54 0xAB 0x4A 0x6B 0x5A 0x5C 0xAC 0x55 0xD5 0xAD 0x66 
00> Frame #207 [CRC: 0x3B] INVALID!
00> 0xAA 0x95 0x45 0x54 0xED 0x2E 
00> Frame #208 [CRC: 0x66] INVALID!
00> 0x5A 0xD6 0x85 0xAD 0x54 
00> Frame #211 [CRC: 0xC1] INVALID!
00> 0x29 0x54 0xA9 0xAE 0xD6 
00> Frame #230 [CRC: 0x31] INVALID!
00> 0x2B 0x54 0x16 0xD6 0xAE 0xA8 0xD6 
00> Frame #233 [CRC: 0x36] INVALID!
00> 0x02 0x11 0x35 0x1D 0xAD 0x76 0xAD 0x6A 0x97 
00> Frame #239 [CRC: 0x2B] INVALID!
00> 0xB5 0x55 0x61 0x56 0xBA 0x79 
00> Frame #247 [CRC: 0xCD] INVALID!
00> 0xB5 0x55 0x46 0xAA 0xB5 0x4B 0xB5 0x6B 0x5A 0x55 0xD5 0x4D 
00> Frame #252 [CRC: 0x84] INVALID!
00> 0xA9 0x5A 0xD6 0xD4 0xD6 0xB5 0xAD 0x67 
00> Frame #259 [CRC: 0x35] INVALID!
00> 0x5A 0xD5 0x45 0x4B 0x5A 
00> Frame #261 [CRC: 0x05] INVALID!
00> 0x70 0xAC 0xA9 0x8D 0xAA 0xB5 0xA5 0x6A 0xAA 
00> Frame #266 [CRC: 0x23] INVALID!
00> 0x35 0xAA 0xA2 0xAD 0x54 0x7A 0x0A 0x11 0x36 
00> Frame #267 [CRC: 0x0B] INVALID!
00> 0x35 0xAD 0x76 0xB5 0xAD 
00> Frame #269 [CRC: 0xF4] INVALID!
00> 0x34 0xA9 0x6D 0x6B 0x4B 
00> Frame #273 [CRC: 0x1E] INVALID!
00> 0x59 0x7B 0x1A 0xD6 0xBA 0x79 0x47 0x6C 0x1C 
00> Frame #279 [CRC: 0x00] INVALID!
00> 0x5A 0xD5 0x45 0x5A 0xD7 0x5A 0xA3 0x4B 0x55 0x4E 0xD5 0x34 0xAB 0xAF 
00> Frame #283 [CRC: 0x55] INVALID!
00> 0x5A 0xD7 0x6D 0x56 0xB6 
00> Frame #289 [CRC: 0x06] INVALID!
00> 0xB5 0x6B 0x5A 0x6A 0x76 0xB5 
00> Frame #295 [CRC: 0x58] INVALID!
00> 0xA9 0xB5 0x4E 0xAD 0x36 0x26 0xB5 0x54 0xA5 0x35 0x56 
00> Frame #299 [CRC: 0xF1] INVALID!
00> 0x6A 0xC1 0x98 0x8E 0xB5 0x8D 0x6B 0x5A 0x1C 0xA3 0x53 
00> Frame #302 [CRC: 0xC2] INVALID!
00> 0x5A 0xED 0x6D 0xAD 0x56 
00> Frame #305 [CRC: 0x52] INVALID!
00> 0x35 0xAD 0x36 0xD6 0xB3 
00> Frame #320 [CRC: 0x00] INVALID!
00> 0xB5 0xAA 0xCA 0x95 0xAD 0x4E 0xB0 0x54 0x86 0xB5 0xA8 0xB5 0xAD 
00> Frame #323 [CRC: 0x00] INVALID!
00> 0x35 0xAE 0xDB 0xB5 0xA5 
00> Frame #330 [CRC: 0x00] INVALID!
00> 0x5A 0xCD 0x76 0xCA 0xA8 0x6A 0xAA 0xC0 0xD6 0xB5 0xB6 0xD6 0x95 
00> Frame #336 [CRC: 0x9E] INVALID!
00> 0x6A 0x8D 0x5A 0x96 0xD6 0xB3 
00> Frame #339 [CRC: 0x00] INVALID!
00> 0xB4 0xA9 0xAB 0xB5 0xA5 0xCA 0x39 0x5A 0xB8 0x58 0xED 0x6B 0x5A 0x6B 0x55 0x5A 0xAB 0x85 0x89 0x59 0x52 0x54 0xD6 0xB5 
00> Frame #343 [CRC: 0x00] INVALID!
00> 0xAB 0x5A 0xDA 0xE4 0x35 0xDA 0xDB 0x5A 0xD2 0xD4 0x73 0x6A 0x56 0xB5 
00> Frame #348 [CRC: 0x00] INVALID!
00> 0x35 0xAD 0x6B 0xB5 0x5A 0x5A 0xC1 0x98 0x9A 0xB2 0x94 0xD7 0x6A 
00> Frame #360 [CRC: 0xA6] INVALID!
00> 0x6A 0x85 0x68 0xA9 0x6B 0x1D 
00> Frame #363 [CRC: 0xF1] INVALID!
00> 0x35 0x56 0x8B 0xB5 0xA9 0xD4 0x73 0x5D 
00> Frame #366 [CRC: 0x73] INVALID!
00> 0x6A 0xC8 0x58 0x3C 0xB6 0xA6 0xB5 0x4D 
00> Frame #368 [CRC: 0x67] INVALID!
00> 0x5A 0xD7 0x6A 0x6B 0x5A 
00> Frame #371 [CRC: 0x00] INVALID!
00> 0x35 0xAA 0xC7 0x35 0x52 0x3A 0xA0 0x58 0x5A 0xAB 0x5A 0xAD 0x6B 
00> Frame #373 [CRC: 0xB8] INVALID!
00> 0x35 0xAD 0x45 0xBB 0x9D 
00> Frame #383 [CRC: 0x00] INVALID!
00> 0x5A 0xD5 0x45 0x4A 0x9A 0x5E 0xC6 0x2D 0x4D 0x6B 0x5F 0x0A 0x52 0x25 0x46 0xD4 
00> Frame #388 [CRC: 0xAD] INVALID!
00> 0x5A 0xD6 0xB5 0xDA 0xD6 
00> Frame #398 [CRC: 0x39] INVALID!
00> 0xB2 0xA6 0xAA 0x85 0x69 0x5B 0x6B 0x59 
00> Frame #400 [CRC: 0x21] INVALID!
00> 0x55 0x1A 0x6B 0x53 0x6B 0x59 
00> Frame #403 [CRC: 0x6F] INVALID!
00> 0x5A 0xAB 0x5A 0x6B 0x4D 0x6A 
00> Frame #406 [CRC: 0x96] INVALID!
00> 0x6A 0xAD 0x6A 0xAA 0x9D 0xAD 
00> Frame #411 [CRC: 0xE8] INVALID!
00> 0x6D 0xD4 0x69 0x31 0x8D 0x29 0xAE 0xED 0x9A 0xD2 
00> Frame #420 [CRC: 0x00] INVALID!
00> 0x5A 0xAA 0xA3 0x5D 0x5A 0x9E 0x55 0xA5 0xAD 0xBB 0x5A 0x59 0x11 0xAC 0x67 0x55 
00> Frame #428 [CRC: 0x00] INVALID!
00> 0x31 0xD4 0xAD 0x71 0x5D 0x56 0x95 0x8D 0x7A 0x9A 0x53 0xB4 0xD5 
00> Frame #430 [CRC: 0x22] INVALID!
00> 0x5A 0xD5 0x45 0x6C 0xD6 0xBB 
00> Frame #433 [CRC: 0x53] INVALID!
00> 0x62 0xA5 0xA8 0x8C 0xD6 0xB5 0xB7 0x76 
00> Frame #437 [CRC: 0x36] INVALID!
00> 0x83 0x5D 0xDB 0x36 0xB3 
00> Frame #445 [CRC: 0x62] INVALID!
00> 0x5A 0xAA 0xAD 0x75 0x6B 0x4B 
00> Frame #447 [CRC: 0x72] INVALID!
00> 0x35 0x56 0xA5 0x55 0x5A 0xD6 
00> Frame #451 [CRC: 0x00] INVALID!
00> 0x55 0x4D 0x8A 0x56 0xB5 0x6E 0x42 0x88 0xED 0x94 0x6D 0xAA 0xC5 
00> Frame #455 [CRC: 0x08] INVALID!
00> 0x5A 0xD6 0xB6 0x6B 0x5A 
00> Frame #457 [CRC: 0x35] INVALID!
00> 0x5A 0xD5 0x45 0x4B 0x5A 
00> Frame #460 [CRC: 0x72] INVALID!
00> 0x35 0x55 0x5A 0xED 0x6B 0xA9 0xD5 0xAC 
00> Frame #468 [CRC: 0x00] INVALID!
00> 0x75 0x40 0xB1 0xDD 0xDA 0x45 0x4A 0xD2 0xAE 0x29 0x85 0xAA 0xAA 0xD5 0xDA 0x76 0xA9 0xAD 0x66 
00> Frame #478 [CRC: 0x00] INVALID!
00> 0x35 0xAA 0x8A 0x96 0xB4 0xB0 0x8D 0x59 0x65 0xB6 0xA2 0xAB 0x5A 0xAB 0x6D 0x6B 
00> Frame #479 [CRC: 0x7D] INVALID!
00> 0x5A 0xAB 0x5A 0xD2 0xB5 
00> Frame #483 [CRC: 0x1F] INVALID!
00> 0xBB 0x5A 0xED 0x2A 0xDA 0xD5 0x4A 0xB5 0xA9 
00> Frame #487 [CRC: 0xC9] INVALID!
00> 0x5A 0xD7 0x6D 0x5A 0xD6 
00> Frame #495 [CRC: 0x89] INVALID!
00> 0x75 0x75 0x16 0xAB 0x64 0xAA 0xAB 0x58 
00> Frame #498 [CRC: 0xD3] INVALID!
00> 0x35 0x55 0x5B 0x76 0xB5 
00> Frame #503 [CRC: 0x00] INVALID!
00> 0x52 0xB1 0x58 0x2E 0x96 0x94 0xD6 0xB5 0x0E 0x5C 0x52 0x0B 0x4A 0xDB 0xB5 0x58 0xE5 0x5A 0x97 
00> Frame #518 [CRC: 0x93] INVALID!
00> 0x75 0x1D 0x54 0x5A 0x5A 
00> Frame #523 [CRC: 0x00] INVALID!
00> 0x35 0x6D 0x29 0xA6 0xB5 0x1C 0xA3 0x53 0x52 0xD6 0xBB 0x6A 0xD6 0xB1 
00> Frame #529 [CRC: 0xB1] INVALID!
00> 0x70 0x8D 0x51 0xAA 0xA5 0x6B 0xB5 0xAE 0xDB 0x6B 0x48 
00> Frame #531 [CRC: 0x47] INVALID!
00> 0x35 0xDA 0xDB 0x5A 0xCD 
00> Frame #546 [CRC: 0x97] INVALID!
00> 0x35 0xAD 0x6D 0xBB 0x5B 
00> Frame #549 [CRC: 0x54] INVALID!
00> 0x35 0x55 0x54 0xED 0xAA 
00> Frame #552 [CRC: 0x51] INVALID!
00> 0x35 0xAD 0x56 0xDA 0xD6 
00> Frame #554 [CRC: 0x04] INVALID!
00> 0x5A 0xAA 0x9B 0x6B 0x5A 
00> Frame #568 [CRC: 0x00] INVALID!
00> 0x84 0x5A 0xD6 0xB5 0x3B 0x5A 0x5A 0x8D 0xAD 0x59 0x0A 0x1A 0xD6 0xB6 0xB5 0xAA 0x70 0xB1 0x55 0xAA 0xB4 0x59 0xAD 0x5D 0x50 0x56 0x92 0xB5 0x56 0xED 0x6B 
00> Frame #572 [CRC: 0x5C] INVALID!
00> 0x55 0x1B 0x6A 0xE5 0x4C 0x4D 0x95 0x35 0xB5 
00> Frame #575 [CRC: 0xF2] INVALID!
00> 0x2B 0xB5 0xAD 0x6A 0xA1 0x5A 0xD2 0xA7 0x6D 
00> Frame #577 [CRC: 0xE0] INVALID!
00> 0x5A 0xD6 0xA2 0xDA 0xD7 
00> Frame #579 [CRC: 0x5D] INVALID!
00> 0xD5 0x06 0x99 0x5A 0xAB 0x2D 
00> Frame #586 [CRC: 0xEE] INVALID!
00> 0x6A 0x32 0xEC 0xCB 0x58 0x16 0xAA 0xAB 0x53 0xB4 0xCD 
00> Frame #590 [CRC: 0x6E] INVALID!
00> 0xEA 0x75 0x72 0xD8 0x6B 0x55 0x85 0xAB 0x55 
00> Frame #592 [CRC: 0x31] INVALID!
00> 0x35 0xAD 0x6D 0xB5 0x9B 
00> Frame #599 [CRC: 0x2F] INVALID!
00> 0x35 0xAD 0x6D 0xAE 0xDD 0xBB 
00> Frame #605 [CRC: 0xF1] INVALID!
00> 0xD4 0xAD 0x6B 0x35 0x6A 0xAC 
00> Frame #611 [CRC: 0xA8] INVALID!
00> 0x35 0x56 0x85 0x6A 0x65 0x4A 0x45 0x3A 0xAD 0x6B 0x5A 
00> Frame #618 [CRC: 0x28] INVALID!
00> 0x6A 0xB9 0x90 0x7A 0x5A 0x53 0x6B 0x57 
00> Frame #628 [CRC: 0x00] INVALID!
00> 0xB5 0xAA 0x9A 0xD7 0x6C 0xAD 0x69 0x72 0x8C 0x29 0xAD 0x6B 0x26 0xEA 0xD4 0xDA 0xAC 
00> Frame #632 [CRC: 0x99] INVALID!
00> 0x6A 0xBD 0xA0 0xDB 0x53 0x4C 0xD6 0xB9 
00> Frame #635 [CRC: 0x0D] INVALID!
00> 0x5A 0xD6 0xAD 0xDC 0xD2 
00> Frame #646 [CRC: 0x85] INVALID!
00> 0x5A 0xD6 0xB6 0x6B 0x5B 0x5C 0x86 0xB5 0xD5 0x3B 0xB4 
00> Frame #648 [CRC: 0x45] INVALID!
00> 0x35 0xAD 0x6A 0x6A 0xB4 0xB9 0x51 
00> Button pressed at 180001
00> Frame #657 [CRC: 0x00] INVALID!
00> 0xB5 0xAD 0x6A 0x6B 0x5A 0x5A 0xA1 0x48 0x56 0xB3 0x5B 0x8A 0x44 0xD6 0xB9 0xA9 0xB5 0x9B 
00> Frame #660 [CRC: 0x4B] INVALID!
00> 0x2B 0x5D 0xBB 0xB5 0xA4 
00> Frame #663 [CRC: 0xF5] INVALID!
00> 0x6A 0x8B 0x76 0x76 0xB5 
00> Frame #667 [CRC: 0xF3] INVALID!
00> 0x61 0x59 0x52 0x0D 0x6B 0x5A 0xB5 0xAD 0x2C 0xAD 
00> LT pressed for 701
00> Left Side toggle
00> Right side blinker off
00> Frame #681 [CRC: 0x2F] INVALID!
00> 0x2B 0xB5 0xB5 0x6B 0xD6 0x90 0x05 0xAD 0x74 0x66 
00> Frame #684 [CRC: 0x88] INVALID!
00> 0x35 0xAD 0x69 0xDA 0xD7 0x53 0xB5 0x8B 0x23 
00> Frame #691 [CRC: 0xC2] INVALID!
00> 0x5A 0xED 0x6D 0xAD 0x69 
00> LT pressed for 1402
00> Left Side toggle
00> Frame #693 [CRC: 0x9B] INVALID!
00> 0x35 0xAD 0x54 0xAB 0x5A 0x5A 0xE5 0x98 0x36 0x95 0x36 0xD7 
00> Frame #702 [CRC: 0x7F] INVALID!
00> 0x2B 0x5A 0xDD 0xD5 0x9B 
00> Frame #705 [CRC: 0x00] INVALID!
00> 0x5B 0x66 0xB6 0xAD 0x69 0x55 0x35 0xAA 0xA9 0x5A 0xED 
00> Frame #710 [CRC: 0xE5] INVALID!
00> 0x5A 0xED 0x4B 0x37 0x6B 0x2D 
00> LT pressed for 2103
00> Left Side toggle
00> Right side blinker off
00> Frame #714 [CRC: 0xCA] INVALID!
00> 0x35 0xAE 0xD5 0xAD 0x6B 
00> Frame #716 [CRC: 0x79] INVALID!
00> 0x2A 0xAD 0x6A 0x53 0x5A 
00> Frame #723 [CRC: 0x00] INVALID!
00> 0x6D 0x25 0xD1 0x4C 0xDA 0xD6 0xD5 0xAC 0x59 0x72 0xCC 0x2D 0x6A 0xA3 0x5A 0xA9 0x37 0x28 0x14 0x1F 0x4A 0x95 0xAE 0xEE 0xD9 
00> Frame #725 [CRC: 0x38] INVALID!
00> 0x36 0xB5 0x57 0x6B 0x5A 0x5C 
00> Long press for 2805
00> LT pressed for 2805
00> Left Side toggle
00> Frame #735 [CRC: 0x54] INVALID!
00> 0x35 0xDB 0x66 0xBB 0x49 
00> Frame #744 [CRC: 0x00] INVALID!
00> 0x5A 0xD7 0x6E 0xE6 0xBA 0x9D 0x5A 0x72 0x23 0xB0 0x6E 0x96 0x9A 0xD7 0x75 
00> Frame #746 [CRC: 0x88] INVALID!
00> 0x35 0xDA 0xD4 0xEA 0xD2 
00> Frame #753 [CRC: 0x00] INVALID!
00> 0x35 0xAE 0xDB 0x35 0x6B 0x5A 0xD4 0xD6 0xB1 0x72 0xA5 0x6B 0x49 0x6D 0x66 
00> LT pressed for 3506
00> Left Side toggle
00> Right side blinker off
00> Frame #758 [CRC: 0x41] INVALID!
00> 0x35 0xAD 0x6D 0x5A 0xEC 0xB5 0xAD 0x6A 0x76 0xB4 
00> Frame #767 [CRC: 0xE5] INVALID!
00> 0xB3 0xAB 0x4B 0x2B 0x52 
00> LT pressed for 4207
00> Left Side toggle
00> Frame #774 [CRC: 0x74] INVALID!
00> 0x2B 0x5A 0xED 0x6B 0x54 
00> Frame #777 [CRC: 0x86] INVALID!
00> 0x36 0xB5 0xB6 0xB5 0xAC 
00> Frame #785 [CRC: 0x00] INVALID!
00> 0x35 0xAA 0xD4 0xAD 0x6B 0x1D 0x95 0xAD 0x6B 0x5A 0x15 0x6B 0x56 0xAF 
00> Long press for 4908
00> LT pressed for 4908
00> Left Side toggle
00> Right side blinker off
00> Frame #791 [CRC: 0x00] INVALID!
00> 0x2B 0x5A 0xD9 0x9D 0x35 0xAD 0x4B 0x5A 0xAB 0xBA 0xB6 0xB5 0xAD 0xB9 0xAD 
00> Frame #795 [CRC: 0x8D] INVALID!
00> 0xB2 0xAD 0xAD 0x6B 0x6B 
00> Frame #799 [CRC: 0xEF] INVALID!
00> 0x5A 0xD7 0x6D 0xDA 0xCD 
00> Frame #801 [CRC: 0x28] INVALID!
00> 0x5A 0xD7 0x6A 0xEE 0xD2 
00> LT pressed for 5609
00> Left Side toggle
00> Frame #805 [CRC: 0x00] INVALID!
00> 0x35 0xDA 0xAD 0x6B 0x1C 0xAD 0x54 0x2D 0x86 0xD6 0x69 0x9A 0xD7 0x0E 
00> Frame #811 [CRC: 0x96] INVALID!
00> 0x35 0xAD 0x6A 0x6B 0x5B 
00> Frame #815 [CRC: 0x66] INVALID!
00> 0x35 0xAD 0x6A 0xD7 0x74 
00> LT pressed for 6310
00> Left Side toggle
00> Right side blinker off
00> Frame #822 [CRC: 0x5E] INVALID!
00> 0x6D 0x1A 0x8A 0xEE 0xD4 0xDD 0xA4 
00> Frame #827 [CRC: 0x00] INVALID!
00> 0x61 0x46 0xC5 0x6D 0x9B 0x76 0xB4 0xB2 0x85 0x90 0x5D 0x6B 0x4D 0x6B 0x5A 
00> Long press for 7011
00> LT pressed for 7011
00> Left Side toggle
00> Frame #850 [CRC: 0xAC] INVALID!
00> 0xB5 0xDB 0x67 0x6B 0xB7 0x6D 0x4E 
00> LT pressed for 7712
00> Left Side toggle
00> Right side blinker off
00> Frame #860 [CRC: 0xA0] INVALID!
00> 0x32 0xEC 0xAD 0x64 0x26 0xBB 0x5B 0x6B 0x5A 
00> Frame #863 [CRC: 0x84] INVALID!
00> 0x35 0xDA 0xD5 0xAD 0x6B 
00> Frame #867 [CRC: 0x4B] INVALID!
00> 0x35 0xDD 0xB4 0xD6 0xB1 
00> Frame #872 [CRC: 0xA3] INVALID!
00> 0x36 0xB5 0xA9 0xDB 0x59 
00> Frame #877 [CRC: 0x2B] INVALID!
00> 0x35 0x9B 0x65 0x3A 0xD4 0x35 0xAD 0x45 0xB5 0x5D 
00> LT pressed for 8413
00> Left Side toggle
00> Frame #884 [CRC: 0x00] INVALID!
00> 0x2B 0x5D 0x67 0x56 0xD6 0x51 0xB3 0x69 0x53 0x66 0x6B 0x4B 0x25 0xB5 0xAF 
00> Frame #886 [CRC: 0x5B] INVALID!
00> 0x2B 0x5A 0xD5 0xA6 0x9A 
00> Long press for 9114
00> LT pressed for 9114
00> Left Side toggle
00> Right side blinker off
00> Frame #899 [CRC: 0xF5] INVALID!
00> 0xA1 0x21 0xA8 0xAD 0x6B 0x5B 0x5A 0xD6 0x91 
00> Frame #905 [CRC: 0x22] INVALID!
00> 0x5A 0xD7 0x6C 0xD7 0x6D 
00> Frame #908 [CRC: 0x07] INVALID!
00> 0x2B 0xAB 0x66 0xD6 0x28 0x76 0x6C 
00> LT pressed for 9815
00> Left Side toggle
00> Frame #915 [CRC: 0xA8] INVALID!
00> 0x35 0xAD 0x55 0xAE 0xE8 
00> LT pressed for 10516
00> Left Side toggle
00> Right side blinker off
00> Frame #926 [CRC: 0x00] INVALID!
00> 0xB3 0xB5 0x8B 0x29 0xAD 0x6A 0xAE 0xAD 0x69 0x65 0xC6 0x83 0x6B 0x5A 0x66 0xB5 0xAA 
00> Frame #933 [CRC: 0x79] INVALID!
00> 0xB2 0x14 0xDD 0xAD 0x95 0xAF 0x59 0x5C 
00> Frame #937 [CRC: 0x67] INVALID!
00> 0xB7 0x75 0x2D 0x5E 0xCC 0x0A 0xB5 0xA6 0x66 0xD5 
00> Frame #941 [CRC: 0x12] INVALID!
00> 0x35 0xAE 0xDB 0x76 0x91 
00> Long press for 11217
00> LT pressed for 11217
00> Left Side toggle
00> Frame #948 [CRC: 0x86] INVALID!
00> 0x35 0xAD 0x6C 0xD5 0xA5 0x96 0x36 
00> LT pressed for 11918
00> Left Side toggle
00> Right side blinker off
00> Frame #971 [CRC: 0xB8] INVALID!
00> 0x2B 0x51 0x6B 0xB4 0x96 0xD7 0x66 0xAA 
00> LT pressed for 12620
00> Left Side toggle
00> Frame #983 [CRC: 0x00] INVALID!
00> 0xB5 0xAE 0xAB 0xB6 0x2C 0x86 0xCA 0xB5 0xAD 0x9D 0x5D 0x99 0x93 0x5A 0xAB 0x6E 0xAC 0x59 0x4A 0xD6 0xB6 0x75 0x6A 
00> Frame #987 [CRC: 0x8D] INVALID!
00> 0x36 0xB5 0x66 0xBB 0x3B 0x5A 0xDA 0xB5 
00> Long press for 13321
00> LT pressed for 13321
00> Left Side toggle
00> Right side blinker off
00> LT pressed for 14022
00> Left Side toggle
00> Frame #1011 [CRC: 0x00] INVALID!
00> 0x2B 0xAB 0x6C 0xC9 0xBB 0x4B 0xB5 0xDE 0xB9 0x4A 0xD6 0xB6 0x67 0x7A 0xE4 0x05 0x45 
00> Frame #1015 [CRC: 0xC9] INVALID!
00> 0x2B 0x5D 0x5B 0x36 0xBB 0x1B 
00> Frame #1022 [CRC: 0x2D] INVALID!
00> 0xB5 0xAD 0x6C 0xA6 0xEB 0x28 0xD8 
00> Frame #1026 [CRC: 0x29] INVALID!
00> 0xB1 0x5A 0xE1 0x66 0xD5 
00> LT pressed for 14723
00> Left Side toggle
00> Right side blinker off
00> Frame #1032 [CRC: 0x9D] INVALID!
00> 0xB1 0xAE 0x66 0x99 0xB9 0x55 0x46 
00> Frame #1036 [CRC: 0x09] INVALID!
00> 0x52 0xC8 0xD6 0x0C 0xAD 0x69 0x9A 0xD6 
00> Frame #1047 [CRC: 0x00] INVALID!
00> 0x91 0x04 0x52 0x22 0xAB 0x37 0x06 0xA0 0xAE 0xD6 0xD9 0x59 0xAE 0xD2 0xD6 0xB3 0x5A 0xD7 0x06 
00> Long press for 15424
00> LT pressed for 15424
00> Left Side toggle
00> Frame #1051 [CRC: 0xCE] INVALID!
00> 0x37 0x75 0xBB 0x34 0xB2 0xAB 
00> Frame #1058 [CRC: 0x00] INVALID!
00> 0x2B 0x5C 0xB6 0x56 0xA1 0x90 0x3A 0x0D 0x5C 0xB6 0xC9 0x5A 0xD6 0xCC 0xD4 
00> Frame #1064 [CRC: 0x42] INVALID!
00> 0xB3 0x35 0x9A 0xD7 0x5B 0x3B 0x41 0x23 
00> Frame #1066 [CRC: 0x7B] INVALID!
00> 0xB1 0xAC 0xB0 0x96 0x56 0x2C 0x8B 
00> LT pressed for 16125
00> Left Side toggle
00> Right side blinker off
00> Frame #1074 [CRC: 0xE3] INVALID!
00> 0x2B 0xB3 0x66 0x56 0x96 0x55 
00> LT pressed for 16826
00> Left Side toggle
00> Frame #1080 [CRC: 0x55] INVALID!
00> 0x08 0xB6 0x85 0x0A 0xA3 0xB1 0xCA 0xD6 
00> Frame #1084 [CRC: 0x00] INVALID!
00> 0x37 0x65 0x9A 0xB1 0x65 0xC2 0x83 0x2B 0xBB 0x2B 0xB3 0x65 0x07 0x40 0xEB 0x28 0xB3 0x32 
00> Long press for 17527
00> LT pressed for 17527
00> Left Side toggle
00> Right side blinker off
00> Frame #1099 [CRC: 0xC6] INVALID!
00> 0xB5 0x77 0xAC 0xA3 0x63 0x59 0x64 0xB5 0xCD 0xD9 
00> LT pressed for 18228
00> Left Side toggle
00> LT pressed for 18929
00> Left Side toggle
00> Right side blinker off
00> Frame #1116 [CRC: 0x0E] INVALID!
00> 0x21 0x71 0xD0 0x6D 0x9D 0x9B 0x2A 0x12 0x59 0x99 
00> Frame #1126 [CRC: 0x5A] INVALID!
00> 0xB5 0x2E 0xA1 0x46 0xC8 0x24 0x9A 0x53 
00> Long press for 19630
00> LT pressed for 19630
00> Left Side toggle
00> Frame #1135 [CRC: 0x00] INVALID!
00> 0x35 0xAE 0x25 0xAB 0x0E 0x44 0x74 0x2E 0xBB 0xB3 0x66 0x36 0x5C 0x6A 0x0D 0x5A 0xE5 0xDA 0xE2 
00> LT pressed for 20331
00> Left Side toggle
00> Right side blinker off
00> LT pressed for 21032
00> Left Side toggle
00> Frame #1148 [CRC: 0x00] INVALID!
00> 0x2B 0x5B 0x2C 0xD6 0xC2 0x10 0x35 0x83 0x52 0xE5 0xB5 0xD6 0x58 0x69 0xCB 0x76 0x36 0x52 0x91 0x0A 0x56 0x0E 0x83 0x55 0x42 0xD5 0xCD 0x91 0x1D 0x8E 0x59 0x72 0xD5 0xD6 0xCD 0x8A 0xA4 0xB1 0xAC 0xB1 0x2C 0xCD 
00> Long press for 21733
00> LT pressed for 21733
00> Left Side toggle
00> Right side blinker off
00> Frame #1156 [CRC: 0x60] INVALID!
00> 0x29 0x78 0xD6 0x0D 0xB4 0xB3 0x36 0xAD 0x94 
00> Frame #1165 [CRC: 0x1A] INVALID!
00> 0x96 0x66 0xC2 0x12 0x11 0x96 0xD0 0xDA 0xCB 0x32 0xB8 0x32 
00> LT pressed for 22435
00> Left Side toggle
00> Frame #1178 [CRC: 0xDD] INVALID!
00> 0xB0 0xD2 0x5B 0x10 0xEC 0xCC 
00> LT pressed for 23136
00> Left Side toggle
00> Right side blinker off
00> Frame #1182 [CRC: 0x00] INVALID!
00> 0xB1 0xAC 0xB2 0x2C 0xD8 0xB2 0xE3 0x58 0x2D 0xAD 0x59 0xAB 0xA9 0x32 
00> Frame #1188 [CRC: 0x0C] INVALID!
00> 0xB3 0x6A 0x53 0x4D 0x25 0x4A 
00> Long press for 23837
00> LT pressed for 23837
00> Left Side toggle
00> Frame #1197 [CRC: 0x00] INVALID!
00> 0x37 0x64 0xB3 0x92 0x6B 0x15 0xDD 0xBA 0xEC 0x8E 0x85 0xB2 0xE5 0x9D 0x8F 0x28 0xD9 0xBA 0xDD 0x99 0xD8 0xB2 0xC3 
00> LT pressed for 24538
00> Left Side toggle
00> Right side blinker off
00> Frame #1219 [CRC: 0x1C] INVALID!
00> 0x35 0x48 0xC4 0x31 0x6D 0x0A 0x15 0xB2 0xC3 0x4B 
00> LT pressed for 25239
00> Left Side toggle
00> Frame #1224 [CRC: 0x54] INVALID!
00> 0x05 0x09 0x3B 0x19 0x35 0xC4 0xB3 0x63 
00> Long press for 25940
00> LT pressed for 25940
00> Left Side toggle
00> Right side blinker off
00> LT pressed for 26641
00> Left Side toggle
00> LT pressed for 27342
00> Left Side toggle
00> Right side blinker off
00> Frame #1254 [CRC: 0xEF] INVALID!
00> 0x35 0xAE 0x25 0x99 0xCD 0x2B 0x61 
00> Frame #1258 [CRC: 0x11] INVALID!
00> 0xB1 0x2C 0x6B 0x2C 0x16 0x65 0x49 
00> Long press for 28043
00> LT pressed for 28043
00> Left Side toggle
00> LT pressed for 28744
00> Left Side toggle
00> Right side blinker off
00> Frame #1273 [CRC: 0x00] INVALID!
00> 0xB0 0xAA 0x6E 0xC5 0x6C 0xCE 0xB2 0xAC 0x2E 0x35 0x83 0x56 0x79 0x66 0x63 0x95 0x36 0xBA 0xCC 0xD3 0x76 0x25 0xB3 0x14 0xB6 
00> Frame #1279 [CRC: 0x31] INVALID!
00> 0xB3 0x33 0xAC 0xA3 0x61 0x4B 0x8E 0xC5 0x66 
00> LT pressed for 29445
00> Left Side toggle
00> Frame #1283 [CRC: 0xD5] INVALID!
00> 0x23 0x4C 0xAE 0xF2 0x85 
00> Frame #1294 [CRC: 0x00] INVALID!
00> 0x27 0x72 0xC9 0xB1 0xCA 0x37 0x63 0x42 0xE3 0x5C 0x2D 0x2E 0xCC 0xCA 
00> Long press for 30146
00> LT pressed for 30146
00> Left Side toggle
00> Right side blinker off
00> LT pressed for 30847
00> Left Side toggle
00> LT pressed for 31548
00> Left Side toggle
00> Right side blinker off
00> Frame #1314 [CRC: 0x00] INVALID!
00> 0x6C 0x8A 0x71 0x26 0xA2 0x8B 0x60 0xB6 0x66 0x76 0x36 0x59 0x72 0xCC 0xC2 
00> Frame #1326 [CRC: 0xA6] INVALID!
00> 0x51 0x8D 0x96 0x2C 0x6C 0xB1 
00> Long press for 32250
00> LT pressed for 32250
00> Left Side toggle
00> LT pressed for 32951
00> Left Side toggle
00> Right side blinker off
00> Frame #1336 [CRC: 0xC7] INVALID!
00> 0xB1 0xB6 0xE7 0x2C 0xCC 
00> LT pressed for 33652
00> Left Side toggle
00> Frame #1348 [CRC: 0x00] INVALID!
00> 0x6A 0x60 0x31 0x97 0x8E 0x87 0x57 0x6C 0x6D 0x5D 0xCB 0x33 0x02 0x54 
00> Long press for 34353
00> LT pressed for 34353
00> Left Side toggle
00> Right side blinker off
00> Frame #1362 [CRC: 0x2D] INVALID!
00> 0xB2 0x84 0x47 0x42 0xF3 0x39 0x25 0x8D 0x90 
00> LT pressed for 35054
00> Left Side toggle
00> Frame #1379 [CRC: 0x44] INVALID!
00> 0x49 0x23 0x16 0xC0 0x62 
00> LT pressed for 35755
00> Left Side toggle
00> Right side blinker off
00> Long press for 36456
00> LT pressed for 36456
00> Left Side toggle
00> LT pressed for 37157
00> Left Side toggle
00> Right side blinker off
00> Frame #1391 [CRC: 0x00] INVALID!
00> 0xB0 0x85 0xC7 0x42 0xB3 0x72 0x59 0x85 0x60 0xD6 0x21 0xB0 0xEC 0xCC 0x9C 0xB8 0xE8 0x56 0x67 0x25 0x98 0xEC 0x8D 0x60 0xCA 0xCE 0xCC 0xCC 0x69 0x11 0xAE 0x2A 0xB9 0xCB 0x33 0x1B 0x97 0x8E 0x86 0xAE 0xE5 0x99 0x8D 0x2E 0x35 0x8B 0x59 0xCB 0x33 0x1A 
00> Frame #1399 [CRC: 0xA7] INVALID!
00> 0xB2 0x42 0xF6 0x72 0xCC 0xC5 0x22 0x90 0x48 0x18 
00> LT pressed for 37858
00> Left Side toggle
00> Frame #1402 [CRC: 0x21] INVALID!
00> 0x49 0xA3 0x16 0xC0 0x74 0x82 0xB2 0x3A 0xAC 0x3B 0x76 0x16 
00> Long press for 38559
00> LT pressed for 38559
00> Left Side toggle
00> Right side blinker off
00> LT pressed for 39260
00> Left Side toggle
00> LT pressed for 39961
00> Left Side toggle
00> Right side blinker off
00> Long press for 40662
00> LT pressed for 40662
00> Left Side toggle
00> LT pressed for 41363
00> Left Side toggle
00> Right side blinker off
00> Frame #1452 [CRC: 0x00] INVALID!
00> 0x39 0x50 0x88 0xE8 0x56 0x77 0x2C 0xCC 0xF2 0x83 0xA0 0xB6 0x5C 0x96 0x61 0x4B 0x8E 0xC3 0x56 0xA1 0x34 0x62 0xD8 0x45 0x1A 0xAD 0x84 0x24 
00> Frame #1461 [CRC: 0x1E] INVALID!
00> 0x50 0xA0 0xEC 0x55 0x73 0x96 0x66 0x3C 0xB6 0x8B 0x61 
00> LT pressed for 42065
00> Left Side toggle
00> Long press for 42766
00> LT pressed for 42766
00> Left Side toggle
00> Right side blinker off
00> LT pressed for 43467
00> Left Side toggle
00> LT pressed for 44168
00> Left Side toggle
00> Right side blinker off
00> Long press for 44869
00> LT pressed for 44869
00> Left Side toggle
00> LT pressed for 45570
00> Left Side toggle
00> Right side blinker off
00> Frame #1528 [CRC: 0x34] INVALID!
00> 0x05 0x00 0x52 0xE3 0xA1 0xB6 0xCE 0x59 0x98 
00> LT pressed for 46271
00> Left Side toggle
00> Frame #1534 [CRC: 0x47] INVALID!
00> 0x21 0x63 0x77 0x13 0x02 0x1B 
00> Long press for 46972
00> LT pressed for 46972
00> Left Side toggle
00> Right side blinker off
00> LT pressed for 47673
00> Left Side toggle
00> LT pressed for 48374
00> Left Side toggle
00> Right side blinker off
00> Long press for 49075
00> LT pressed for 49075
00> Left Side toggle
00> Frame #1578 [CRC: 0xC2] INVALID!
00> 0xB1 0xE5 0x67 0x2C 0xCC 0x6C 0xA5 
00> LT pressed for 49776
00> Left Side toggle
00> Right side blinker off
00> Frame #1587 [CRC: 0x00] INVALID!
00> 0x2B 0xB8 0xE6 0x65 0x36 0x44 0x66 0x1B 0x6C 0xE5 0x99 0x8C 0x15 0x8A 0x04 0x29 0x40 0x4A 
00> LT pressed for 50477
00> Left Side toggle
00> Long press for 51178
00> LT pressed for 51178
00> Left Side toggle
00> Right side blinker off
00> Frame #1598 [CRC: 0x91] INVALID!
00> 0xB1 0x08 0xE0 0x6C 0x56 0x56 0xEE 
00> Frame #1604 [CRC: 0x85] INVALID!
00> 0x8E 0x53 0x59 0x29 0x11 0x88 0x55 0x0A 0x42 
00> LT pressed for 51880
00> Left Side toggle
00> LT pressed for 52581
00> Left Side toggle
00> Right side blinker off
00> Frame #1617 [CRC: 0xD6] INVALID!
00> 0x2E 0x76 0xC4 0xDD 0x96 0xAD 0x6C 0x48 0x6A 0x0D 0x5D 
00> Long press for 53282
00> LT pressed for 53282
00> Left Side toggle
00> Frame #1626 [CRC: 0xA9] INVALID!
00> 0xB1 0xEA 0xEE 0x5B 0x2A 
00> LT pressed for 53983
00> Left Side toggle
00> Right side blinker off
00> Frame #1637 [CRC: 0x3D] INVALID!
00> 0xB1 0xB2 0xB3 0x60 0x29 
00> LT pressed for 54684
00> Left Side toggle
00> Long press for 55385
00> LT pressed for 55385
00> Left Side toggle
00> Right side blinker off
00> Frame #1651 [CRC: 0x16] INVALID!
00> 0xB0 0xAD 0x70 0xB3 0x32 
00> LT pressed for 56086
00> Left Side toggle
00> LT pressed for 56787
00> Left Side toggle
00> Right side blinker off
00> Frame #1670 [CRC: 0x90] INVALID!
00> 0xA2 0x8D 0x2C 0xCC 0x9D 0x99 0x9D 0x6C 0x6C 
00> Frame #1674 [CRC: 0xB9] INVALID!
00> 0xB2 0xC6 0xB2 0xC9 0x96 0xEE 0xB2 
00> Long press for 57488
00> LT pressed for 57488
00> Left Side toggle
00> LT pressed for 58189
00> Left Side toggle
00> Right side blinker off
00> Frame #1698 [CRC: 0x00] INVALID!
00> 0x34 0x92 0x24 0x28 0xB6 0x85 0x09 0x1A 0x4D 0x14 0x5B 0x0D 0x94 0xA8 0x72 0x3D 0x97 0x66 0x66 
00> Frame #1704 [CRC: 0x3B] INVALID!
00> 0x2A 0x46 0x91 0x67 0x2B 
00> LT pressed for 58890
00> Left Side toggle
00> Frame #1708 [CRC: 0xE9] INVALID!
00> 0x29 0x03 0x58 0x35 0xB3 0x61 
00> Frame #1713 [CRC: 0x78] INVALID!
00> 0x37 0x56 0xCC 0xCE 0xB4 
00> Long press for 59591
00> LT pressed for 59591
00> Left Side toggle
00> Right side blinker off
00> Frame #1721 [CRC: 0x00] INVALID!
00> 0x27 0x61 0x66 0x64 0xE5 0xC6 0xB0 0xEA 0xD6 0x16 0xD4 0x12 0xE3 0x50 0x66 0xED 
00> Frame #1726 [CRC: 0x40] INVALID!
00> 0xB1 0x08 0x1D 0x0D 0xB2 0xEC 0xCC 0xC2 
00> LT pressed for 60292
00> Left Side toggle
00> Frame #1734 [CRC: 0x00] INVALID!
00> 0xB0 0xCD 0x6A 0x5D 0x9D 0xD6 0x5C 0x6B 0x0E 0xAA 0xD4 0x2C 0x6C 
00> LT pressed for 60993
00> Left Side toggle
00> Right side blinker off
00> Long press for 61695
00> LT pressed for 61695
00> Left Side toggle
00> Frame #1760 [CRC: 0x00] INVALID!
00> 0x3B 0x5A 0xB3 0x95 0xA1 0x71 0xD0 0xBD 0xD9 0x3B 0x2A 0xED 0xD4 
00> LT pressed for 62396
00> Left Side toggle
00> Right side blinker off
00> Frame #1772 [CRC: 0xE6] INVALID!
00> 0xB0 0xB4 0x46 0xB0 0xEA 0xCD 0x8B 
00> LT pressed for 63097
00> Left Side toggle
00> Long press for 63798
00> LT pressed for 63798
00> Left Side toggle
00> Right side blinker off
00> LT pressed for 64499
00> Left Side toggle
00> LT pressed for 65200
00> Left Side toggle
00> Right side blinker off
00> Long press for 65901
00> LT pressed for 65901
00> Left Side toggle
00> LT pressed for 66602
00> Left Side toggle
00> Right side blinker off
00> Frame #1821 [CRC: 0x00] INVALID!
00> 0x21 0x54 0x22 0x35 0x86 0xD2 0xE5 0x9D 0x8D 0x96 0x36 0x1B 0x59 0x66 0x67 0x59 0x61 0x12 0x11 0x5B 
00> LT pressed for 67303
00> Left Side toggle
00> Frame #1837 [CRC: 0x00] INVALID!
00> 0xB2 0xCE 0x56 0x42 0xE3 0x58 0x3A 0x5D 0x9B 0x5D 0x3C 0xB8 0xE8 0x36 0xCE 0x59 0xD4 
00> Long press for 68004
00> LT pressed for 68004
00> Left Side toggle
00> Right side blinker off
00> LT pressed for 68705
00> Left Side toggle
00> LT pressed for 69406
00> Left Side toggle
00> Right side blinker off
00> Frame #1869 [CRC: 0x52] INVALID!
00> 0x92 0x12 0x11 0x6C 0xB3 0x3A 0x44 
00> Long press for 70107
00> LT pressed for 70107
00> Left Side toggle
00> LT pressed for 70809
00> Left Side toggle
00> Right side blinker off
00> Frame #1879 [CRC: 0x8F] INVALID!
00> 0xB1 0xAD 0x2E 0x59 0xB2 0x24 0x21 0x11 0xA7 0x66 0xEE 
00> LT pressed for 71510
00> Left Side toggle
00> Frame #1894 [CRC: 0x00] INVALID!
00> 0x2B 0x07 0x61 0xBA 0x5C 0x96 0x71 0x6C 0x8D 0x62 0x57 0x60 0xB3 0x74 0xE5 0xC6 0xB0 0xD9 0x66 0xCC 0xEE 0xD2 
00> Long press for 72211
00> LT pressed for 72211
00> Left Side toggle
00> Right side blinker off
00> Frame #1907 [CRC: 0xF6] INVALID!
00> 0x37 0x56 0xCC 0xC9 0x5A 0xE1 0x66 0xCD 
00> LT pressed for 72912
00> Left Side toggle
00> LT pressed for 73613
00> Left Side toggle
00> Right side blinker off
00> Frame #1920 [CRC: 0x00] INVALID!
00> 0x80 0x6A 0xCE 0x30 0x2B 0x66 0xAC 0x59 0x71 0xD8 0xAD 0xAD 0x8B 
00> Frame #1927 [CRC: 0x0B] INVALID!
00> 0xB3 0x33 0xAE 0x54 0x9C 0x4B 0x66 0x74 
00> Long press for 74314
00> LT pressed for 74314
00> Left Side toggle
00> LT pressed for 75015
00> Left Side toggle
00> Right side blinker off
00> Frame #1949 [CRC: 0x1B] INVALID!
00> 0x84 0xD6 0x6C 0x5B 0x1B 0xA5 0xCB 0x33 
00> LT pressed for 75716
00> Left Side toggle
00> Frame #1952 [CRC: 0xFA] INVALID!
00> 0xB3 0x33 0xAC 0xB8 0xD4 0x19 0x5D 
00> Frame #1957 [CRC: 0x75] INVALID!
00> 0x36 0xB5 0x66 0x56 0x42 0x83 0xBB 0x2B 0xB2 0x6D 0x5D 0xA2 
00> Long press for 76417
00> LT pressed for 76417
00> Left Side toggle
00> Right side blinker off
00> Frame #1975 [CRC: 0x00] INVALID!
00> 0x2B 0x5A 0x59 0x9B 0x4B 0x2C 0x96 0x60 0xCA 0xCD 0x33 0x36 0x4A 0x54 0xAE 0xC9 0xB3 0x33 0x16 0x55 0x48 0xCB 0x95 0x6B 0x8A 0x03 0x10 0xCB 
00> LT pressed for 77118
00> Left Side toggle
00> LT pressed for 77819
00> Left Side toggle
00> Right side blinker off
00> Frame #2001 [CRC: 0x00] INVALID!
00> 0xB3 0x37 0x59 0x46 0xC4 0x26 0x34 0xE5 0xB5 0xC2 0xB6 0xDC 0xEB 0x2A 
00> Long press for 78520
00> LT pressed for 78520
00> Left Side toggle
00> Frame #2007 [CRC: 0xE4] INVALID!
00> 0x52 0x90 0xB2 0x35 0x87 0xAB 0x0B 0x3B 0x83 0x2B 0x08 
00> LT pressed for 79221
00> Left Side toggle
00> Right side blinker off
00> Frame #2019 [CRC: 0x54] INVALID!
00> 0xB2 0x35 0x2E 0xB3 0x23 
00> LT pressed for 79922
00> Left Side toggle
00> Frame #2028 [CRC: 0x00] INVALID!
00> 0x2B 0xB4 0xB2 0xBA 0x6B 0x5D 0x66 0xBB 0xAC 0xA0 0xD8 0x7A 0xC8 0xCD 0xAC 
00> Long press for 80623
00> LT pressed for 80623
00> Left Side toggle
00> Right side blinker off
00> Frame #2038 [CRC: 0x73] INVALID!
00> 0x2C 0x88 0x88 0x51 0x76 0xA1 
00> LT pressed for 81325
00> Left Side toggle
00> Frame #2059 [CRC: 0x00] INVALID!
00> 0x2B 0x5C 0x4B 0x2B 0x86 0x54 0x32 0x1E 0xB3 0x96 0x6E 0x9C 0xAA 0x3A 0x1E 0x58 0x2D 0x5C 
00> LT pressed for 82026
00> Left Side toggle
00> Right side blinker off
00> Long press for 82727
00> LT pressed for 82727
00> Left Side toggle
00> Frame #2072 [CRC: 0xE4] INVALID!
00> 0xB1 0xAD 0x97 0x66 0x66 0xA5 
00> LT pressed for 83428
00> Left Side toggle
00> Right side blinker off
00> Frame #2091 [CRC: 0xE5] INVALID!
00> 0x54 0xB3 0x32 0x96 0x56 0xC6 0xE9 0x72 0xCD 0x54 
00> LT pressed for 84129
00> Left Side toggle
00> Frame #2096 [CRC: 0x64] INVALID!
00> 0xB3 0x2A 0x42 0xA1 0xD0 0x65 0x2E 
00> Frame #2100 [CRC: 0xE8] INVALID!
00> 0x4A 0x26 0xEC 0x6B 0x2C 0x16 0x66 
00> Long press for 84830
00> LT pressed for 84830
00> Left Side toggle
00> Right side blinker off
00> Frame #2111 [CRC: 0x00] INVALID!
00> 0x42 0xA1 0xD0 0xD2 0xC9 0xAD 0x76 0x36 0x51 0xB0 0xAE 0xD6 0xCE 0xCE 0xB5 0x23 0xB1 0xCA 0xD7 0x96 0x6E 
00> Frame #2115 [CRC: 0x8C] INVALID!
00> 0xB1 0x70 0x28 0x6E 0x97 0x2C 0xCC 
00> LT pressed for 85531
00> Left Side toggle
00> Frame #2120 [CRC: 0xBD] INVALID!
00> 0xB3 0x33 0xAC 0xB8 0xEC 0x3C 0xB3 0x67 0x6C 0x6A 
00> Frame #2128 [CRC: 0x00] INVALID!
00> 0x37 0x6B 0x33 0x5E 0xB5 0x20 0x5A 0xAD 0x89 0x3A 0xBB 0x3A 0xD8 0x3B 0x06 0xAE 
00> LT pressed for 86232
00> Left Side toggle
00> Right side blinker off
00> Frame #2133 [CRC: 0x9E] INVALID!
00> 0x21 0x11 0xAC 0x1D 0x6D 
00> Long press for 86933
00> LT pressed for 86933
00> Left Side toggle
00> Frame #2145 [CRC: 0x83] INVALID!
00> 0x49 0x84 0xA9 0x35 0x23 
00> LT pressed for 87634
00> Left Side toggle
00> Right side blinker off
00> Frame #2159 [CRC: 0x00] INVALID!
00> 0x2B 0x5A 0xD9 0xAE 0xC5 0xD9 0x65 0x8D 0xB2 0xC2 0xCE 0xCA 0xA0 0x74 0x3C 0xB3 0x66 0xCA 0x5A 0x46 0xB5 0xAC 
00> LT pressed for 88335
00> Left Side toggle
00> Frame #2180 [CRC: 0x85] INVALID!
00> 0xB3 0x5B 0xD6 0x51 0xB0 0x86 0x2D 0xAC 0xB2 0xB5 0x70 0x8A 
00> Long press for 89036
00> LT pressed for 89036
00> Left Side toggle
00> Right side blinker off
00> Frame #2190 [CRC: 0x78] INVALID!
00> 0x35 0xDD 0x66 0x56 0x57 0x62 0xBB 0x2B 0x49 
00> LT pressed for 89737
00> Left Side toggle
00> Frame #2198 [CRC: 0x00] INVALID!
00> 0x05 0x08 0x55 0x19 0x19 0x83 0x6B 0xB4 0xCE 0xD6 0xA3 0x25 0x65 0x80 
00> Frame #2205 [CRC: 0x00] INVALID!
00> 0x36 0x15 0xAC 0x96 0xD6 0x8B 0x2A 0x0A 0x39 0x2C 0xD9 0xB7 0x59 0x41 0x98 0x2B 0x5C 0x4B 0x33 
00> LT pressed for 90438
00> Left Side toggle
00> Right side blinker off
00> Frame #2215 [CRC: 0x00] INVALID!
00> 0x52 0x63 0x4E 0xCA 0xE9 0xAD 0x75 0x9B 0x59 0xB5 0xD1 0x6C 0xD4 0x65 0x6B 0xB2 0xBB 0x55 
00> Long press for 91140
00> LT pressed for 91140
00> Left Side toggle
00> Frame #2219 [CRC: 0x32] INVALID!
00> 0x35 0xAD 0x45 0x9D 0xA7 0x2A 0x1A 0xC7 0xAC 0xE5 0xB2 0xA9 
00> LT pressed for 91841
00> Left Side toggle
00> Right side blinker off
00> LT pressed for 92542
00> Left Side toggle
00> Long press for 93243
00> LT pressed for 93243
00> Left Side toggle
00> Right side blinker off
00> LT pressed for 93944
00> Left Side toggle
00> LT pressed for 94645
00> Left Side toggle
00> Right side blinker off
00> Long press for 95346
00> LT pressed for 95346
00> Left Side toggle
00> LT pressed for 96047
00> Left Side toggle
00> Right side blinker off
00> LT pressed for 96748
00> Left Side toggle
00> Long press for 97449
00> LT pressed for 97449
00> Left Side toggle
00> Right side blinker off
00> LT pressed for 98150
00> Left Side toggle
00> LT pressed for 98851
00> Left Side toggle
00> Right side blinker off
00> Long press for 99552
00> LT pressed for 99552
00> Left Side toggle
00> LT pressed for 100253
00> Left Side toggle
00> Right side blinker off
00> LT pressed for 100955
00> Left Side toggle
00> Long press for 101656
00> LT pressed for 101656
00> Left Side toggle
00> Right side blinker off
00> Frame #2246 [CRC: 0x00] INVALID!
00> 0xB5 0xAE 0xDC 0xA8 0x80 0xD5 0xAF 0xA0 0xD8 0x5C 0xB3 0x0D 0xAE 0xD3 0x2B 0xB1 0xB9 0x64 0x78 0xA6 0x52 
00> LT pressed for 102357
00> Left Side toggle
00> LT pressed for 103058
00> Left Side toggle
00> Right side blinker off
00> Frame #2269 [CRC: 0x00] INVALID!
00> 0x35 0xAE 0x16 0x56 0xA5 0xD0 0xD6 0x0A 0xD7 0x12 0xCD 0x87 0x2E 0x35 0x87 0x5B 0x3B 0x37 0x6A 
00> Frame #2276 [CRC: 0x00] INVALID!
00> 0x35 0xAE 0x33 0x76 0xBC 0x2A 0x55 0x58 0x54 0x3A 0x1E 0xA4 0x96 0x76 0xAB 
00> Long press for 103759
00> LT pressed for 103759
00> Left Side toggle
00> Frame #2287 [CRC: 0x91] INVALID!
00> 0xB3 0x35 0xDB 0x5A 0xCD 0x6E 0x25 0x9B 0x4B 
00> LT pressed for 104460
00> Left Side toggle
00> Right side blinker off
00> Frame #2296 [CRC: 0x5A] INVALID!
00> 0x35 0xAE 0xDB 0x35 0x9B 0xB4 0xAB 0x5A 0xF5 0x91 
00> Frame #2305 [CRC: 0x59] INVALID!
00> 0x35 0xDA 0xB6 0xD6 0x91 
00> LT pressed for 105161
00> Left Side toggle
00> Frame #2313 [CRC: 0x4E] INVALID!
00> 0x35 0xDC 0x4A 0xB5 0x90 0xB8 0xD6 0x0D 0xAE 
00> Frame #2324 [CRC: 0x00] INVALID!
00> 0x42 0x8D 0xB5 0x16 0x15 0xAE 0xB6 0xDD 0x64 0x21 0x46 0xC5 0x95 0xAE 
00> Frame #2329 [CRC: 0xC8] INVALID!
00> 0x36 0xBA 0x5B 0x66 0x96 0x47 0x22 0x81 0x45 0x32 
00> Long press for 105862
00> LT pressed for 105862
00> Left Side toggle
00> Right side blinker off
00> Frame #2338 [CRC: 0x00] INVALID!
00> 0x35 0xAC 0xD9 0x99 0xD6 0x52 0xB5 0xC6 0x66 0x60 0xC9 0x17 0x46 0xB5 0xA8 0x68 
00> LT pressed for 106563
00> Left Side toggle
00> Frame #2346 [CRC: 0xEF] INVALID!
00> 0x5A 0xD6 0xB6 0x66 0x95 0xDB 0x6D 0x76 
00> LT pressed for 107264
00> Left Side toggle
00> Right side blinker off
00> Frame #2366 [CRC: 0x00] INVALID!
00> 0x35 0xAE 0xD9 0x99 0xD6 0x59 0x2C 0x83 0x69 0x76 0x56 0xBA 
00> Frame #2373 [CRC: 0x89] INVALID!
00> 0x5A 0xD6 0xB6 0x66 0xD2 
00> Long press for 107965
00> LT pressed for 107965
00> Left Side toggle
00> Frame #2380 [CRC: 0xB1] INVALID!
00> 0x8F 0x65 0xB1 0x64 0xB3 0x0D 0xAC 0xD3 0x2B 0x5D 
00> Frame #2382 [CRC: 0x5E] INVALID!
00> 0x35 0xAD 0x6D 0x9D 0xA4 
00> Frame #2384 [CRC: 0x48] INVALID!
00> 0x2B 0x5D 0xA9 0xDA 0xC4 
00> Frame #2388 [CRC: 0x00] INVALID!
00> 0x35 0xAD 0x2C 0xD3 0x7A 0xCA 0x8B 0x20 0xD4 0xBB 0x2B 0x5A 0x9C 0xAA 0x91 0x48 
00> LT pressed for 108666
00> Left Side toggle
00> Right side blinker off
00> Frame #2392 [CRC: 0xF0] INVALID!
00> 0xB1 0xBB 0x2D 0x2B 0x59 
00> Frame #2405 [CRC: 0x9E] INVALID!
00> 0x35 0xAE 0x8B 0x3B 0x75 0x0E 0xED 0x59 0xD9 0x89 
00> LT pressed for 109367
00> Left Side toggle
00> Frame #2420 [CRC: 0x00] INVALID!
00> 0x35 0xAD 0x4D 0x99 0xB1 0x65 0x1B 0x49 0x04 0xD3 0x72 0xB5 0x96 0xBB 0xAB 
00> Long press for 110069
00> LT pressed for 110069
00> Left Side toggle
00> Right side blinker off
00> Frame #2424 [CRC: 0x34] INVALID!
00> 0xB3 0x33 0xAC 0xA6 0xB5 0xC2 0xCD 0x69 
00> Frame #2427 [CRC: 0x9C] INVALID!
00> 0xAE 0x96 0x94 0x44 0x6B 0x05 0xD2 0xEC 0xEA 0xE6 
00> Frame #2429 [CRC: 0x98] INVALID!
00> 0xB3 0x72 0x96 0x50 0xB3 0x0D 0xAD 
00> Frame #2432 [CRC: 0x9D] INVALID!
00> 0x55 0xC6 0xB0 0xF5 0x24 0xB3 0x6A 0x79 
00> LT pressed for 110770
00> Left Side toggle
00> Frame #2438 [CRC: 0x1A] INVALID!
00> 0xBB 0x36 0xB1 0x6C 0x6D 0x67 0x36 
00> Frame #2443 [CRC: 0xFC] INVALID!
00> 0x35 0xAD 0x55 0xAA 0xBB 0x48 
00> Frame #2448 [CRC: 0xAE] INVALID!
00> 0xA9 0xB5 0xD5 0x99 0xB8 
00> Frame #2453 [CRC: 0xAE] INVALID!
00> 0x5A 0xED 0xB7 0x6E 0xB2 0x1A 0xD7 0x6D 0x9A 
00> LT pressed for 111471
00> Left Side toggle
00> Right side blinker off
00> Frame #2465 [CRC: 0x00] INVALID!
00> 0xB1 0xAD 0x6B 0x67 0x73 0x16 0x44 0x74 0x4D 0x6A 0xB6 0x6D 0x69 0x72 0x23 0x58 0x36 0xB3 0x4C 0xD6 0xBA 0x39 0x53 0x5A 0xED 0xB6 
00> Long press for 112172
00> LT pressed for 112172
00> Left Side toggle
00> Frame #2479 [CRC: 0x00] INVALID!
00> 0xB1 0xAE 0xC5 0x76 0xB9 0x4B 0x51 0xBB 0x36 0xB4 0xB4 0x55 0x35 0xAE 0x16 0x6D 0x4E 0x56 0x2B 0xB8 
00> Frame #2488 [CRC: 0xEB] INVALID!
00> 0x35 0xAD 0x6C 0xCE 0x52 
00> Frame #2490 [CRC: 0x52] INVALID!
00> 0x2B 0x5A 0xD9 0xD5 0xA4 
00> LT pressed for 112873
00> Left Side toggle
00> Right side blinker off
00> LT pressed for 113574
00> Left Side toggle
00> Frame #2513 [CRC: 0x6B] INVALID!
00> 0x35 0xDA 0xD4 0xDA 0xD2 0xE4 0x35 0xAD 0x6C 0xEA 0xD2 
00> Long press for 114275
00> LT pressed for 114275
00> Left Side toggle
00> Right side blinker off
00> Frame #2529 [CRC: 0x96] INVALID!
00> 0x2B 0x5A 0xEB 0x5A 0xEA 
00> Frame #2534 [CRC: 0xEE] INVALID!
00> 0xB5 0x6B 0x4B 0x2C 0x11 0xAD 0x55 
00> Frame #2539 [CRC: 0x62] INVALID!
00> 0xB3 0x59 0x66 0xCD 0xAC 0x59 
00> Frame #2549 [CRC: 0x00] INVALID!
00> 0x35 0xAD 0x16 0x65 0x65 0x6B 0x6A 0x6B 0x58 0xE8 0x6B 0x5A 0xD9 0xCA 0xEC 0xAD 0x69 0x65 
00> LT pressed for 114976
00> Left Side toggle
00> Frame #2561 [CRC: 0x00] INVALID!
00> 0x2B 0x5D 0xB3 0x37 0x5C 0xA8 0x2C 0x6C 0xB4 0x96 0xD4 0x59 0x38 0x4D 0xDA 0xD9 0xCE 0xD2 
00> Frame #2568 [CRC: 0x00] INVALID!
00> 0x61 0x45 0x66 0x1E 0x5A 0xD4 0xD5 0x69 0x64 0xA3 0x58 0x9A 0xD6 0xB6 0xEA 0xD2 0xE5 0x5B 
00> Frame #2571 [CRC: 0xF7] INVALID!
00> 0x35 0xAE 0x5B 0x2B 0x17 0x28 
00> LT pressed for 115677
00> Left Side toggle
00> Right side blinker off
00> Frame #2576 [CRC: 0xC5] INVALID!
00> 0xB3 0xAB 0x4A 0x17 0x13 0x5A 0xE1 0x65 0x69 
00> Frame #2578 [CRC: 0x75] INVALID!
00> 0xB6 0xD6 0x96 0x54 0x16 0x1B 0x5B 0x6C 0xDA 0xD5 
00> Frame #2581 [CRC: 0x00] INVALID!
00> 0x2B 0x5A 0xD3 0x3B 0x4B 0x2C 0x8E 0xC1 0xAD 0x94 0xCD 0xAD 0x5B 
00> Frame #2588 [CRC: 0x6B] INVALID!
00> 0xB3 0x32 0x96 0x59 0x16 0x3B 0x5A 0xD9 0xD5 0xA5 
00> Long press for 116378
00> LT pressed for 116378
00> Left Side toggle
00> Frame #2601 [CRC: 0xC4] INVALID!
00> 0x2B 0x5A 0xD9 0xAE 0xAD 
00> LT pressed for 117079
00> Left Side toggle
00> Right side blinker off
00> LT pressed for 117780
00> Left Side toggle
00> Long press for 118481
00> LT pressed for 118481
00> Left Side toggle
00> Right side blinker off
00> LT pressed for 119183
00> Left Side toggle
00> LT pressed for 119884
00> Left Side toggle
00> Right side blinker off

# Logging stopped @ 25 Jan 2022 18:37:07
